<?xml version="1.0" encoding="UTF-8"?>
<!-- Generated by org.testng.reporters.JUnitXMLReporter -->
<testsuite ignored="4" hostname="ALT56F07S2" failures="0" tests="1" name="Default test(failed)" time="22.328" errors="0" timestamp="2023-08-24T21:54:49 IST">
  <testcase classname="MainTestcase.Testcase" name="@AfterTest UserDelete" time="13.335">
    <failure type="java.lang.IndexOutOfBoundsException" message="Index 0 out of bounds for length 0">
      <![CDATA[java.lang.IndexOutOfBoundsException: Index 0 out of bounds for length 0
at java.base/jdk.internal.util.Preconditions.outOfBounds(Preconditions.java:64)
at java.base/jdk.internal.util.Preconditions.outOfBoundsCheckIndex(Preconditions.java:70)
at java.base/jdk.internal.util.Preconditions.checkIndex(Preconditions.java:266)
at java.base/java.util.Objects.checkIndex(Objects.java:359)
at java.base/java.util.ArrayList.get(ArrayList.java:427)
at Pages.UserModule_User.Deleteuser(UserModule_User.java:109)
at MainTestcase.Testcase.UserDelete(Testcase.java:40)
... Removed 24 stack frames]]>
    </failure>
  </testcase> <!-- @AfterTest UserDelete -->
  <testcase classname="MainTestcase.Testcase" name="TestcaseLogin" time="2.76"/>
  <testcase classname="MainTestcase.Testcase" name="UserModule_User" time="0.0">
    <ignored/>
  </testcase> <!-- UserModule_User -->
  <testcase classname="MainTestcase.Testcase" name="UserModuleOUD" time="0.0">
    <ignored/>
  </testcase> <!-- UserModuleOUD -->
  <testcase classname="MainTestcase.Testcase" name="UserModuleRole" time="0.0">
    <ignored/>
  </testcase> <!-- UserModuleRole -->
  <testcase classname="MainTestcase.Testcase" name="UserModuleAudit" time="0.0">
    <ignored/>
  </testcase> <!-- UserModuleAudit -->
</testsuite> <!-- Default test(failed) -->
